1598676783240	mozrunner::runner	INFO	Running command: "C:\\Program Files\\Mozilla Firefox\\firefox.exe" "-marionette" "-foreground" "-no-remote" "-profile" "C:\\Users\\ADMINI~1\\AppData\\Local\\Temp\\rust_mozprofileHYOzzJ"
JavaScript error: resource://gre/modules/XULStore.jsm, line 66: Error: Can't find profile directory.
console.error: SearchCache: "_readCacheFile: Error reading cache file:" (new Error("", "(unknown module)"))
1598676795013	Marionette	INFO	Listening on port 10806
1598676795542	Marionette	WARN	TLS certificate errors will be ignored for this session
1598676807857	Marionette	INFO	Stopped listening on port 10806
ram Files\\Mozilla Firefox\\firefox.exe" "-marionette" "-foreground" "-no-remote" "-profile" "C:\\Users\\ADMINI~1\\AppData\\Local\\Temp\\rust_mozprofile0Xz1wH"
JavaScript error: resource://gre/modules/XULStore.jsm, line 66: Error: Can't find profile directory.
console.error: SearchCache: "_readCacheFile: Error reading cache file:" (new Error("", "(unknown module)"))
[Parent 8792, Gecko_IOThread] WARNING: file /builds/worker/checkouts/gecko/ipc/chromium/src/base/process_util_win.cc, line 166
1598676809961	Marionette	INFO	Listening on port 10877
1598676810410	Marionette	WARN	TLS certificate errors will be ignored for this session
1598676868663	mozrunner::runner	INFO	Running command: "C:\\Program Files\\Mozilla Firefox\\firefox.exe" "-marionette" "-foreground" "-no-remote" "-profile" "C:\\Users\\ADMINI~1\\AppData\\Local\\Temp\\rust_mozprofilenHdDLM"
JavaScript error: resource://gre/modules/XULStore.jsm, line 66: Error: Can't find profile directory.
console.error: SearchCache: "_readCacheFile: Error reading cache file:" (new Error("", "(unknown module)"))
1598676874161	Marionette	INFO	Listening on port 10980
1598676874387	Marionette	WARN	TLS certificate errors will be ignored for this session
1598677261525	Marionette	INFO	Stopped listening on port 10980
ram Files\\Mozilla Firefox\\firefox.exe" "-marionette" "-foreground" "-no-remote" "-profile" "C:\\Users\\ADMINI~1\\AppData\\Local\\Temp\\rust_mozprofilefwNghq"
[Parent 8692, Gecko_IOThread] WARNING: Failed to launch tab subprocess: file /builds/worker/checkouts/gecko/ipc/glue/GeckoChildProcessHost.cpp, line 745
JavaScript error: resource://gre/modules/XULStore.jsm, line 66: Error: Can't find profile directory.
console.error: SearchCache: "_readCacheFile: Error reading cache file:" (new Error("", "(unknown module)"))
1598676909707	Marionette	INFO	Listening on port 11068
1598676910151	Marionette	WARN	TLS certificate errors will be ignored for this session
1598676951873	Marionette	WARN	TimedPromise timed out after 0 ms: stacktrace:
TimedPromise/<@chrome://marionette/content/sync.js:245:13
TimedPromise@chrome://marionette/content/sync.js:230:10
Sleep@chrome://marionette/content/sync.js:283:10
dispatchPause@chrome://marionette/content/action.js:1482:10
toEvents/<@chrome://marionette/content/action.js:1156:16
action.dispatchTickActions@chrome://marionette/content/action.js:1060:35
action.dispatch/chainEvents<@chrome://marionette/content/action.js:1028:20
action.dispatch@chrome://marionette/content/action.js:1034:5
performActions@chrome://marionette/content/listener.js:868:16
dispatch/</req<@chrome://marionette/content/listener.js:541:14
dispatch/<@chrome://marionette/content/listener.js:534:15
1598677259071	Marionette	INFO	Stopped listening on port 11068
ram Files\\Mozilla Firefox\\firefox.exe" "-marionette" "-foreground" "-no-remote" "-profile" "C:\\Users\\ADMINI~1\\AppData\\Local\\Temp\\rust_mozprofile0beFQ1"
console.error: SearchCache: "_readCacheFile: Error reading cache file:" (new Error("", "(unknown module)"))
JavaScript error: resource://gre/modules/XULStore.jsm, line 66: Error: Can't find profile directory.
1598676965338	Marionette	INFO	Listening on port 11169
1598676965578	Marionette	WARN	TLS certificate errors will be ignored for this session
1598677253171	Marionette	INFO	Stopped listening on port 11169
ram Files\\Mozilla Firefox\\firefox.exe" "-marionette" "-foreground" "-no-remote" "-profile" "C:\\Users\\ADMINI~1\\AppData\\Local\\Temp\\rust_mozprofileXjvr62"
JavaScript error: resource://gre/modules/XULStore.jsm, line 66: Error: Can't find profile directory.
console.error: SearchCache: "_readCacheFile: Error reading cache file:" (new Error("", "(unknown module)"))
1598677017755	Marionette	INFO	Listening on port 11275
1598677017981	Marionette	WARN	TLS certificate errors will be ignored for this session
1598677063530	Marionette	INFO	Stopped listening on port 11275
